Performing C++ SOURCE FILE Test COMPILER_KNOWS_STDLIB failed with the following output:
Change Dir: /home/Homero/otserv/engine/build/CMakeFiles/CMakeTmp

Run Build Command(s):/usr/bin/gmake cmTC_8c125/fast && /usr/bin/gmake  -f CMakeFiles/cmTC_8c125.dir/build.make CMakeFiles/cmTC_8c125.dir/build
gmake[1]: Entering directory '/home/Homero/otserv/engine/build/CMakeFiles/CMakeTmp'
Building CXX object CMakeFiles/cmTC_8c125.dir/src.cxx.o
/usr/bin/c++   -DCOMPILER_KNOWS_STDLIB   -stdlib=libc++ -o CMakeFiles/cmTC_8c125.dir/src.cxx.o -c /home/Homero/otserv/engine/build/CMakeFiles/CMakeTmp/src.cxx
c++: error: unrecognized command-line option '-stdlib=libc++'
gmake[1]: *** [CMakeFiles/cmTC_8c125.dir/build.make:85: CMakeFiles/cmTC_8c125.dir/src.cxx.o] Error 1
gmake[1]: Leaving directory '/home/Homero/otserv/engine/build/CMakeFiles/CMakeTmp'
gmake: *** [Makefile:140: cmTC_8c125/fast] Error 2


Source file was:
int main() { return 0; }
Performing C SOURCE FILE Test CMAKE_HAVE_LIBC_PTHREAD failed with the following output:
Change Dir: /home/Homero/otserv/engine/build/CMakeFiles/CMakeTmp

Run Build Command(s):/usr/bin/gmake cmTC_cbc91/fast && /usr/bin/gmake  -f CMakeFiles/cmTC_cbc91.dir/build.make CMakeFiles/cmTC_cbc91.dir/build
gmake[1]: Entering directory '/home/Homero/otserv/engine/build/CMakeFiles/CMakeTmp'
Building C object CMakeFiles/cmTC_cbc91.dir/src.c.o
/usr/bin/cc   -DCMAKE_HAVE_LIBC_PTHREAD -o CMakeFiles/cmTC_cbc91.dir/src.c.o -c /home/Homero/otserv/engine/build/CMakeFiles/CMakeTmp/src.c
Linking C executable cmTC_cbc91
/usr/bin/cmake -E cmake_link_script CMakeFiles/cmTC_cbc91.dir/link.txt --verbose=1
/usr/bin/cc  -DCMAKE_HAVE_LIBC_PTHREAD -rdynamic CMakeFiles/cmTC_cbc91.dir/src.c.o -o cmTC_cbc91 
/usr/bin/ld: CMakeFiles/cmTC_cbc91.dir/src.c.o: in function `main':
src.c:(.text+0x2f): undefined reference to `pthread_create'
/usr/bin/ld: src.c:(.text+0x3b): undefined reference to `pthread_detach'
/usr/bin/ld: src.c:(.text+0x47): undefined reference to `pthread_cancel'
/usr/bin/ld: src.c:(.text+0x58): undefined reference to `pthread_join'
collect2: error: ld returned 1 exit status
gmake[1]: *** [CMakeFiles/cmTC_cbc91.dir/build.make:106: cmTC_cbc91] Error 1
gmake[1]: Leaving directory '/home/Homero/otserv/engine/build/CMakeFiles/CMakeTmp'
gmake: *** [Makefile:140: cmTC_cbc91/fast] Error 2


Source file was:
#include <pthread.h>

void* test_func(void* data)
{
  return data;
}

int main(void)
{
  pthread_t thread;
  pthread_create(&thread, NULL, test_func, NULL);
  pthread_detach(thread);
  pthread_cancel(thread);
  pthread_join(thread, NULL);
  pthread_atfork(NULL, NULL, NULL);
  pthread_exit(NULL);

  return 0;
}

Determining if the function pthread_create exists in the pthreads failed with the following output:
Change Dir: /home/Homero/otserv/engine/build/CMakeFiles/CMakeTmp

Run Build Command(s):/usr/bin/gmake cmTC_4da31/fast && /usr/bin/gmake  -f CMakeFiles/cmTC_4da31.dir/build.make CMakeFiles/cmTC_4da31.dir/build
gmake[1]: Entering directory '/home/Homero/otserv/engine/build/CMakeFiles/CMakeTmp'
Building C object CMakeFiles/cmTC_4da31.dir/CheckFunctionExists.c.o
/usr/bin/cc   -DCHECK_FUNCTION_EXISTS=pthread_create -o CMakeFiles/cmTC_4da31.dir/CheckFunctionExists.c.o -c /usr/share/cmake-3.18/Modules/CheckFunctionExists.c
Linking C executable cmTC_4da31
/usr/bin/cmake -E cmake_link_script CMakeFiles/cmTC_4da31.dir/link.txt --verbose=1
/usr/bin/cc  -DCHECK_FUNCTION_EXISTS=pthread_create -rdynamic CMakeFiles/cmTC_4da31.dir/CheckFunctionExists.c.o -o cmTC_4da31  -lpthreads 
/usr/bin/ld: cannot find -lpthreads
collect2: error: ld returned 1 exit status
gmake[1]: *** [CMakeFiles/cmTC_4da31.dir/build.make:106: cmTC_4da31] Error 1
gmake[1]: Leaving directory '/home/Homero/otserv/engine/build/CMakeFiles/CMakeTmp'
gmake: *** [Makefile:140: cmTC_4da31/fast] Error 2



